<?xml version="1.0" encoding="UTF-8"?>
<testng-results ignored="0" total="11" passed="9" failed="2" skipped="0">
  <reporter-output>
  </reporter-output>
  <suite started-at="2025-10-03T13:03:57 IST" name="Default suite" finished-at="2025-10-03T13:06:46 IST" duration-ms="168716">
    <groups>
      <group name="cucumber">
        <method signature="AbstractTestNGCucumberTests.runScenario(io.cucumber.testng.PickleWrapper,io.cucumber.testng.FeatureWrapper)[pri:0, instance:runners.TestRunner@60015ef5]" name="runScenario" class="io.cucumber.testng.AbstractTestNGCucumberTests"/>
      </group> <!-- cucumber -->
    </groups>
    <test started-at="2025-10-03T13:03:57 IST" name="Default test" finished-at="2025-10-03T13:06:46 IST" duration-ms="168716">
      <class name="runners.TestRunner">
        <test-method is-config="true" signature="setUpClass(org.testng.ITestContext)[pri:0, instance:runners.TestRunner@60015ef5]" started-at="2025-10-03T13:03:57 IST" name="setUpClass" finished-at="2025-10-03T13:03:58 IST" duration-ms="778" status="PASS">
          <params>
            <param index="0">
              <value>
                <![CDATA[org.testng.TestRunner@10f64bc3]]>
              </value>
            </param>
          </params>
          <reporter-output>
          </reporter-output>
        </test-method> <!-- setUpClass -->
        <test-method signature="runScenario(io.cucumber.testng.PickleWrapper,io.cucumber.testng.FeatureWrapper)[pri:0, instance:runners.TestRunner@60015ef5]" started-at="2025-10-03T13:03:58 IST" name="runScenario" description="Runs Cucumber Scenarios" data-provider="scenarios" finished-at="2025-10-03T13:04:06 IST" duration-ms="8179" status="PASS">
          <params>
            <param index="0">
              <value>
                <![CDATA["Successful login with valid credentials"]]>
              </value>
            </param>
            <param index="1">
              <value>
                <![CDATA["Login"]]>
              </value>
            </param>
          </params>
          <reporter-output>
          </reporter-output>
        </test-method> <!-- runScenario -->
        <test-method signature="runScenario(io.cucumber.testng.PickleWrapper,io.cucumber.testng.FeatureWrapper)[pri:0, instance:runners.TestRunner@60015ef5]" started-at="2025-10-03T13:04:06 IST" name="runScenario" description="Runs Cucumber Scenarios" data-provider="scenarios" finished-at="2025-10-03T13:04:29 IST" duration-ms="22816" status="PASS">
          <params>
            <param index="0">
              <value>
                <![CDATA["Create a new Recipe"]]>
              </value>
            </param>
            <param index="1">
              <value>
                <![CDATA["Recipe Management"]]>
              </value>
            </param>
          </params>
          <reporter-output>
          </reporter-output>
        </test-method> <!-- runScenario -->
        <test-method signature="runScenario(io.cucumber.testng.PickleWrapper,io.cucumber.testng.FeatureWrapper)[pri:0, instance:runners.TestRunner@60015ef5]" started-at="2025-10-03T13:04:29 IST" name="runScenario" description="Runs Cucumber Scenarios" data-provider="scenarios" finished-at="2025-10-03T13:04:40 IST" duration-ms="10689" status="PASS">
          <params>
            <param index="0">
              <value>
                <![CDATA["Verify created Recipe is displayed in Recipe List after creation"]]>
              </value>
            </param>
            <param index="1">
              <value>
                <![CDATA["Recipe Management"]]>
              </value>
            </param>
          </params>
          <reporter-output>
          </reporter-output>
        </test-method> <!-- runScenario -->
        <test-method signature="runScenario(io.cucumber.testng.PickleWrapper,io.cucumber.testng.FeatureWrapper)[pri:0, instance:runners.TestRunner@60015ef5]" started-at="2025-10-03T13:04:40 IST" name="runScenario" description="Runs Cucumber Scenarios" data-provider="scenarios" finished-at="2025-10-03T13:04:50 IST" duration-ms="10379" status="PASS">
          <params>
            <param index="0">
              <value>
                <![CDATA["Verify Recipe Name is mandatory"]]>
              </value>
            </param>
            <param index="1">
              <value>
                <![CDATA["Recipe Management"]]>
              </value>
            </param>
          </params>
          <reporter-output>
          </reporter-output>
        </test-method> <!-- runScenario -->
        <test-method signature="runScenario(io.cucumber.testng.PickleWrapper,io.cucumber.testng.FeatureWrapper)[pri:0, instance:runners.TestRunner@60015ef5]" started-at="2025-10-03T13:04:50 IST" name="runScenario" description="Runs Cucumber Scenarios" data-provider="scenarios" finished-at="2025-10-03T13:05:01 IST" duration-ms="11023" status="PASS">
          <params>
            <param index="0">
              <value>
                <![CDATA["Verify Product Name is mandatory"]]>
              </value>
            </param>
            <param index="1">
              <value>
                <![CDATA["Recipe Management"]]>
              </value>
            </param>
          </params>
          <reporter-output>
          </reporter-output>
        </test-method> <!-- runScenario -->
        <test-method signature="runScenario(io.cucumber.testng.PickleWrapper,io.cucumber.testng.FeatureWrapper)[pri:0, instance:runners.TestRunner@60015ef5]" started-at="2025-10-03T13:05:01 IST" name="runScenario" description="Runs Cucumber Scenarios" data-provider="scenarios" finished-at="2025-10-03T13:05:14 IST" duration-ms="13072" status="PASS">
          <params>
            <param index="0">
              <value>
                <![CDATA["Verify duplicate Recipe Name is not allowed"]]>
              </value>
            </param>
            <param index="1">
              <value>
                <![CDATA["Recipe Management"]]>
              </value>
            </param>
          </params>
          <reporter-output>
          </reporter-output>
        </test-method> <!-- runScenario -->
        <test-method signature="runScenario(io.cucumber.testng.PickleWrapper,io.cucumber.testng.FeatureWrapper)[pri:0, instance:runners.TestRunner@60015ef5]" started-at="2025-10-03T13:05:14 IST" name="runScenario" description="Runs Cucumber Scenarios" data-provider="scenarios" finished-at="2025-10-03T13:05:29 IST" duration-ms="15221" status="PASS">
          <params>
            <param index="0">
              <value>
                <![CDATA["Verify all the mandatory fields in Weighing page"]]>
              </value>
            </param>
            <param index="1">
              <value>
                <![CDATA["Recipe Management"]]>
              </value>
            </param>
          </params>
          <reporter-output>
          </reporter-output>
        </test-method> <!-- runScenario -->
        <test-method signature="runScenario(io.cucumber.testng.PickleWrapper,io.cucumber.testng.FeatureWrapper)[pri:0, instance:runners.TestRunner@60015ef5]" started-at="2025-10-03T13:05:29 IST" name="runScenario" description="Runs Cucumber Scenarios" data-provider="scenarios" finished-at="2025-10-03T13:05:44 IST" duration-ms="15019" status="PASS">
          <params>
            <param index="0">
              <value>
                <![CDATA["Verify weighing validation for weight and charges only"]]>
              </value>
            </param>
            <param index="1">
              <value>
                <![CDATA["Recipe Management"]]>
              </value>
            </param>
          </params>
          <reporter-output>
          </reporter-output>
        </test-method> <!-- runScenario -->
        <test-method signature="runScenario(io.cucumber.testng.PickleWrapper,io.cucumber.testng.FeatureWrapper)[pri:0, instance:runners.TestRunner@60015ef5]" started-at="2025-10-03T13:05:44 IST" name="runScenario" description="Runs Cucumber Scenarios" data-provider="scenarios" finished-at="2025-10-03T13:06:04 IST" duration-ms="19893" status="FAIL">
          <params>
            <param index="0">
              <value>
                <![CDATA["Verify user cannot submit recipe when one miscellaneous field is empty"]]>
              </value>
            </param>
            <param index="1">
              <value>
                <![CDATA["Recipe Management"]]>
              </value>
            </param>
          </params>
          <exception class="java.lang.AssertionError">
            <message>
              <![CDATA[Submit button is still enabled expected [false] but found [true]]]>
            </message>
            <full-stacktrace>
              <![CDATA[java.lang.AssertionError: Submit button is still enabled expected [false] but found [true]
at org.testng.Assert.fail(Assert.java:111)
at org.testng.Assert.failNotEquals(Assert.java:1578)
at org.testng.Assert.assertFalse(Assert.java:79)
at stepDefinitions.RecipeSteps.submit_button_should_be_disabled(RecipeSteps.java:127)
at ✽.Submit button should be disabled(file:///D:/eclipse-jee-2025-06-R-win32-x86_64/RecipeAutomation3/src/test/java/features/recipe.feature:55)
]]>
            </full-stacktrace>
          </exception> <!-- java.lang.AssertionError -->
          <reporter-output>
          </reporter-output>
        </test-method> <!-- runScenario -->
        <test-method signature="runScenario(io.cucumber.testng.PickleWrapper,io.cucumber.testng.FeatureWrapper)[pri:0, instance:runners.TestRunner@60015ef5]" started-at="2025-10-03T13:06:04 IST" name="runScenario" description="Runs Cucumber Scenarios" data-provider="scenarios" finished-at="2025-10-03T13:06:19 IST" duration-ms="14778" status="FAIL">
          <params>
            <param index="0">
              <value>
                <![CDATA["Verify Recipe Name allows special characters within 30 characters"]]>
              </value>
            </param>
            <param index="1">
              <value>
                <![CDATA["Recipe Management"]]>
              </value>
            </param>
          </params>
          <exception class="java.lang.AssertionError">
            <message>
              <![CDATA[Recipe name exceeded max length of 30! expected [true] but found [false]]]>
            </message>
            <full-stacktrace>
              <![CDATA[java.lang.AssertionError: Recipe name exceeded max length of 30! expected [true] but found [false]
at org.testng.Assert.fail(Assert.java:111)
at org.testng.Assert.failNotEquals(Assert.java:1578)
at org.testng.Assert.assertTrue(Assert.java:57)
at stepDefinitions.RecipeSteps.recipe_name_field_should_accept_the_value(RecipeSteps.java:143)
at ✽.Recipe name field should accept the value(file:///D:/eclipse-jee-2025-06-R-win32-x86_64/RecipeAutomation3/src/test/java/features/recipe.feature:61)
]]>
            </full-stacktrace>
          </exception> <!-- java.lang.AssertionError -->
          <reporter-output>
          </reporter-output>
        </test-method> <!-- runScenario -->
        <test-method signature="runScenario(io.cucumber.testng.PickleWrapper,io.cucumber.testng.FeatureWrapper)[pri:0, instance:runners.TestRunner@60015ef5]" started-at="2025-10-03T13:06:19 IST" name="runScenario" description="Runs Cucumber Scenarios" data-provider="scenarios" finished-at="2025-10-03T13:06:37 IST" duration-ms="17669" status="PASS">
          <params>
            <param index="0">
              <value>
                <![CDATA["Verify User can able to enter negative value for setweight and tolerances"]]>
              </value>
            </param>
            <param index="1">
              <value>
                <![CDATA["Recipe Management"]]>
              </value>
            </param>
          </params>
          <reporter-output>
          </reporter-output>
        </test-method> <!-- runScenario -->
        <test-method is-config="true" signature="tearDownClass()[pri:0, instance:runners.TestRunner@60015ef5]" started-at="2025-10-03T13:06:37 IST" name="tearDownClass" finished-at="2025-10-03T13:06:46 IST" duration-ms="9100" status="PASS">
          <reporter-output>
          </reporter-output>
        </test-method> <!-- tearDownClass -->
      </class> <!-- runners.TestRunner -->
    </test> <!-- Default test -->
  </suite> <!-- Default suite -->
</testng-results>
